<?xml version="1.0" encoding="utf-8"?><testsuites name="pytest tests"><testsuite name="pytest" errors="0" failures="0" skipped="0" tests="13" time="14.708" timestamp="2026-06-01T18:46:11.617780+00:00" hostname="agent-env-19eab094-a335-4aed-b338-e472b35571bf"><testcase classname="backend.tests.test_bills_income.TestMoneyEntryBillsIncomeRoundTrip" name="test_post_with_bills_and_income" time="0.312" /><testcase classname="backend.tests.test_bills_income.TestMoneyEntryBillsIncomeRoundTrip" name="test_put_update_bills_mark_paid_and_add_third" time="0.070" /><testcase classname="backend.tests.test_bills_income.TestMoneyEntryBillsIncomeRoundTrip" name="test_get_money_entries_returns_bills_income" time="0.061" /><testcase classname="backend.tests.test_bills_income.TestPepperCheckinMergesBillsIncome" name="test_seed_initial_money_entry" time="0.064" /><testcase classname="backend.tests.test_bills_income.TestPepperCheckinMergesBillsIncome" name="test_pepper_checkin_merges_into_latest" time="5.538" /><testcase classname="backend.tests.test_bills_income.TestPepperCheckinNoMoneyMention" name="test_seed_initial_entry" time="0.058" /><testcase classname="backend.tests.test_bills_income.TestPepperCheckinNoMoneyMention" name="test_pepper_checkin_no_money_does_not_touch_entry" time="4.081" /><testcase classname="backend.tests.test_bills_income.TestSanityRegression" name="test_tasks_crud" time="0.249" /><testcase classname="backend.tests.test_bills_income.TestSanityRegression" name="test_daily_entry_priorities_done" time="0.233" /><testcase classname="backend.tests.test_bills_income.TestSanityRegression" name="test_body_logs_create_get" time="0.136" /><testcase classname="backend.tests.test_bills_income.TestSanityRegression" name="test_person_notes_create_get" time="0.121" /><testcase classname="backend.tests.test_bills_income.TestSanityRegression" name="test_pepper_advise_person" time="1.738" /><testcase classname="backend.tests.test_bills_income.TestSanityRegression" name="test_pepper_advise_body" time="1.993" /></testsuite></testsuites>