<?xml version="1.0" encoding="utf-8"?><testsuites name="pytest tests"><testsuite name="pytest" errors="0" failures="0" skipped="0" tests="18" time="1.779" timestamp="2026-06-02T02:56:14.931737+00:00" hostname="agent-env-19eab094-a335-4aed-b338-e472b35571bf"><testcase classname="tests.test_medications.TestMedicationsCRUD" name="test_01_create_weekly_morning" time="0.201" /><testcase classname="tests.test_medications.TestMedicationsCRUD" name="test_02_create_daily_bedtime" time="0.098" /><testcase classname="tests.test_medications.TestMedicationsCRUD" name="test_03_create_as_needed_no_time" time="0.100" /><testcase classname="tests.test_medications.TestMedicationsCRUD" name="test_04_list_returns_three_sorted_desc" time="0.053" /><testcase classname="tests.test_medications.TestMedicationsCRUD" name="test_05_invalid_frequency_rejected" time="0.045" /><testcase classname="tests.test_medications.TestMedicationsCRUD" name="test_06_update_first_med_dosage" time="0.096" /><testcase classname="tests.test_medications.TestMedicationsCRUD" name="test_07_delete_third_med" time="0.091" /><testcase classname="tests.test_medications.TestMedicationsCRUD" name="test_08_delete_nonexistent_404" time="0.045" /><testcase classname="tests.test_medications.TestMedicationTake" name="test_01_take_with_specific_date" time="0.205" /><testcase classname="tests.test_medications.TestMedicationTake" name="test_02_take_same_date_no_duplicate" time="0.056" /><testcase classname="tests.test_medications.TestMedicationTake" name="test_03_take_default_today" time="0.054" /><testcase classname="tests.test_medications.TestMedicationTake" name="test_04_undo_specific_date" time="0.055" /><testcase classname="tests.test_medications.TestMedicationTake" name="test_05_undo_default_today" time="0.123" /><testcase classname="tests.test_medications.TestRegression" name="test_body_logs_still_accept_medications_list_of_strings" time="0.107" /><testcase classname="tests.test_medications.TestRegression" name="test_tasks_endpoint_healthy" time="0.134" /><testcase classname="tests.test_medications.TestRegression" name="test_daily_entries_endpoint_healthy" time="0.091" /><testcase classname="tests.test_medications.TestRegression" name="test_money_entries_endpoint_healthy" time="0.094" /><testcase classname="tests.test_medications.TestRegression" name="test_person_notes_endpoint_healthy" time="0.087" /></testsuite></testsuites>