<?xml version="1.0" encoding="utf-8"?><testsuites name="pytest tests"><testsuite name="pytest" errors="0" failures="0" skipped="0" tests="13" time="14.796" timestamp="2026-06-01T15:52:14.531816+00:00" hostname="agent-env-19eab094-a335-4aed-b338-e472b35571bf"><testcase classname="tests.test_pepper_advice_and_body.TestAdvisePerson" name="test_minimum_payload_only_name" time="1.581" /><testcase classname="tests.test_pepper_advice_and_body.TestAdvisePerson" name="test_full_payload_medium" time="2.265" /><testcase classname="tests.test_pepper_advice_and_body.TestAdvisePerson" name="test_extra_spicy_tone" time="2.965" /><testcase classname="tests.test_pepper_advice_and_body.TestAdvisePerson" name="test_mild_tone" time="1.419" /><testcase classname="tests.test_pepper_advice_and_body.TestAdvisePerson" name="test_missing_person_name_422" time="0.046" /><testcase classname="tests.test_pepper_advice_and_body.TestAdviseBody" name="test_empty_body_returns_helpful_placeholder" time="0.048" /><testcase classname="tests.test_pepper_advice_and_body.TestAdviseBody" name="test_multi_field_reasoning" time="2.344" /><testcase classname="tests.test_pepper_advice_and_body.TestAdviseBody" name="test_health_tone_gentler_with_extra_spicy" time="3.765" /><testcase classname="tests.test_pepper_advice_and_body.TestBodyLogExtension" name="test_create_with_extended_fields" time="0.049" /><testcase classname="tests.test_pepper_advice_and_body.TestBodyLogExtension" name="test_list_includes_extended_fields" time="0.050" /><testcase classname="tests.test_pepper_advice_and_body.TestBodyLogExtension" name="test_update_extended_fields" time="0.055" /><testcase classname="tests.test_pepper_advice_and_body.TestBodyLogExtension" name="test_backwards_compat_no_extended_fields" time="0.048" /><testcase classname="tests.test_pepper_advice_and_body.TestRegression" name="test_register_push_graceful" time="0.114" /></testsuite></testsuites>