<?xml version="1.0" encoding="utf-8"?><testsuites name="pytest tests"><testsuite name="pytest" errors="0" failures="0" skipped="0" tests="10" time="14.655" timestamp="2026-06-02T02:25:12.612993+00:00" hostname="agent-env-19eab094-a335-4aed-b338-e472b35571bf"><testcase classname="backend.tests.test_pepper_intel_upgrade.TestPrioritiesTaskIds" name="test_post_get_put_priorities_task_ids" time="0.420" /><testcase classname="backend.tests.test_pepper_intel_upgrade.TestPrioritiesTaskIds" name="test_default_empty_list" time="0.596" /><testcase classname="backend.tests.test_pepper_intel_upgrade.TestPepperAutoLinkAndClassify" name="test_checkin_creates_tasks_links_and_classifies_bills" time="3.917" /><testcase classname="backend.tests.test_pepper_intel_upgrade.TestPepperClarity" name="test_vague_dump_triggers_clarity_no_tasks" time="2.374" /><testcase classname="backend.tests.test_pepper_intel_upgrade.TestReceiptsAdviceHistory" name="test_advice_history_appends_and_caches" time="4.387" /><testcase classname="backend.tests.test_pepper_intel_upgrade.TestRegression" name="test_task_crud" time="0.220" /><testcase classname="backend.tests.test_pepper_intel_upgrade.TestRegression" name="test_daily_entry_crud" time="0.402" /><testcase classname="backend.tests.test_pepper_intel_upgrade.TestRegression" name="test_money_entry_crud" time="0.179" /><testcase classname="backend.tests.test_pepper_intel_upgrade.TestRegression" name="test_person_note_crud" time="0.529" /><testcase classname="backend.tests.test_pepper_intel_upgrade.TestRegression" name="test_analyze_receipt_vision" time="1.578" /></testsuite></testsuites>