<?xml version="1.0" encoding="utf-8"?><testsuites name="pytest tests"><testsuite name="pytest" errors="0" failures="0" skipped="0" tests="72" time="49.576" timestamp="2026-06-01T18:01:56.238970+00:00" hostname="agent-env-19eab094-a335-4aed-b338-e472b35571bf"><testcase classname="backend.tests.test_money_entry_extended.TestMoneyEntryExtended" name="test_create_with_all_new_fields" time="0.203" /><testcase classname="backend.tests.test_money_entry_extended.TestMoneyEntryExtended" name="test_get_returns_new_fields" time="0.050" /><testcase classname="backend.tests.test_money_entry_extended.TestMoneyEntryExtended" name="test_update_preserves_and_replaces_new_fields" time="0.051" /><testcase classname="backend.tests.test_money_entry_extended.TestMoneyEntryExtended" name="test_legacy_payload_without_new_fields" time="0.056" /><testcase classname="backend.tests.test_money_entry_extended.TestMoneyEntryExtended" name="test_doom_spends_regret_range_values" time="0.051" /><testcase classname="backend.tests.test_money_entry_extended.TestMoneyEntryExtended" name="test_empty_lists_round_trip" time="0.053" /><testcase classname="backend.tests.test_new_features.TestPepperSpiceAndNickname" name="test_default_spice_medium" time="3.200" /><testcase classname="backend.tests.test_new_features.TestPepperSpiceAndNickname" name="test_mild_spice" time="3.304" /><testcase classname="backend.tests.test_new_features.TestPepperSpiceAndNickname" name="test_extra_spicy" time="2.439" /><testcase classname="backend.tests.test_new_features.TestPepperSpiceAndNickname" name="test_nickname_appears" time="2.824" /><testcase classname="backend.tests.test_new_features.TestPepperSpiceAndNickname" name="test_crisis_overrides_spice" time="0.057" /><testcase classname="backend.tests.test_new_features.TestPepperDailySync" name="test_checkin_creates_daily_entry" time="5.630" /><testcase classname="backend.tests.test_new_features.TestPepperDailySync" name="test_second_checkin_updates_same_entry_and_preserves_checkboxes" time="3.916" /><testcase classname="backend.tests.test_new_features.TestTranscribe" name="test_transcribe_returns_json" time="0.950" /><testcase classname="backend.tests.test_new_features.TestTranscribe" name="test_transcribe_missing_file_returns_422" time="0.161" /><testcase classname="backend.tests.test_new_features.TestRegisterPush" name="test_register_push_does_not_crash" time="0.076" /><testcase classname="backend.tests.test_new_features.TestRegisterPush" name="test_register_push_validates_body" time="0.054" /><testcase classname="backend.tests.test_new_features.TestSendTestPush" name="test_send_test_push_does_not_crash" time="0.068" /><testcase classname="backend.tests.test_new_features.TestSendTestPush" name="test_send_test_push_defaults" time="0.068" /><testcase classname="backend.tests.test_pepper_advice_and_body.TestAdvisePerson" name="test_minimum_payload_only_name" time="1.142" /><testcase classname="backend.tests.test_pepper_advice_and_body.TestAdvisePerson" name="test_full_payload_medium" time="1.463" /><testcase classname="backend.tests.test_pepper_advice_and_body.TestAdvisePerson" name="test_extra_spicy_tone" time="1.177" /><testcase classname="backend.tests.test_pepper_advice_and_body.TestAdvisePerson" name="test_mild_tone" time="1.139" /><testcase classname="backend.tests.test_pepper_advice_and_body.TestAdvisePerson" name="test_missing_person_name_422" time="0.058" /><testcase classname="backend.tests.test_pepper_advice_and_body.TestAdviseBody" name="test_empty_body_returns_helpful_placeholder" time="0.049" /><testcase classname="backend.tests.test_pepper_advice_and_body.TestAdviseBody" name="test_multi_field_reasoning" time="2.074" /><testcase classname="backend.tests.test_pepper_advice_and_body.TestAdviseBody" name="test_health_tone_gentler_with_extra_spicy" time="2.323" /><testcase classname="backend.tests.test_pepper_advice_and_body.TestBodyLogExtension" name="test_create_with_extended_fields" time="0.080" /><testcase classname="backend.tests.test_pepper_advice_and_body.TestBodyLogExtension" name="test_list_includes_extended_fields" time="0.054" /><testcase classname="backend.tests.test_pepper_advice_and_body.TestBodyLogExtension" name="test_update_extended_fields" time="0.053" /><testcase classname="backend.tests.test_pepper_advice_and_body.TestBodyLogExtension" name="test_backwards_compat_no_extended_fields" time="0.051" /><testcase classname="backend.tests.test_pepper_advice_and_body.TestRegression" name="test_register_push_graceful" time="0.115" /><testcase classname="backend.tests.test_priorities_done.TestDailyEntryPrioritiesDone" name="test_post_then_get_then_put_priorities_done" time="0.215" /><testcase classname="backend.tests.test_priorities_done.TestDailyEntryPrioritiesDone" name="test_post_default_priorities_done_empty" time="0.052" /><testcase classname="backend.tests.test_priorities_done.TestPepperCheckinPrioritiesDone" name="test_checkin_initializes_then_preserves_priorities_done" time="7.416" /><testcase classname="backend.tests.test_priorities_done.TestTasksLoops" name="test_task_full_crud" time="0.326" /><testcase classname="backend.tests.test_priorities_done.TestRegressionSanity" name="test_get_tasks" time="0.051" /><testcase classname="backend.tests.test_priorities_done.TestRegressionSanity" name="test_get_money_entries" time="0.052" /><testcase classname="backend.tests.test_priorities_done.TestRegressionSanity" name="test_get_body_logs" time="0.052" /><testcase classname="backend.tests.test_priorities_done.TestRegressionSanity" name="test_pepper_advise_person" time="1.320" /><testcase classname="backend.tests.test_priorities_done.TestRegressionSanity" name="test_pepper_advise_body" time="1.138" /><testcase classname="backend.tests.test_saltcheck_backend.TestHealth" name="test_root_via_api_prefix" time="0.071" /><testcase classname="backend.tests.test_saltcheck_backend.TestUsers" name="test_create_user" time="0.058" /><testcase classname="backend.tests.test_saltcheck_backend.TestUsers" name="test_create_duplicate_user_rejected" time="0.055" /><testcase classname="backend.tests.test_saltcheck_backend.TestUsers" name="test_get_user_by_id" time="0.052" /><testcase classname="backend.tests.test_saltcheck_backend.TestUsers" name="test_list_users" time="0.053" /><testcase classname="backend.tests.test_saltcheck_backend.TestDailyEntries" name="test_create_daily_entry" time="0.050" /><testcase classname="backend.tests.test_saltcheck_backend.TestDailyEntries" name="test_list_daily_entries" time="0.063" /><testcase classname="backend.tests.test_saltcheck_backend.TestDailyEntries" name="test_get_daily_entry_by_date" time="0.050" /><testcase classname="backend.tests.test_saltcheck_backend.TestDailyEntries" name="test_get_daily_entry_404" time="0.051" /><testcase classname="backend.tests.test_saltcheck_backend.TestDailyEntries" name="test_update_daily_entry" time="0.052" /><testcase classname="backend.tests.test_saltcheck_backend.TestProjects" name="test_create_project" time="0.056" /><testcase classname="backend.tests.test_saltcheck_backend.TestProjects" name="test_list_projects" time="0.054" /><testcase classname="backend.tests.test_saltcheck_backend.TestProjects" name="test_update_project" time="0.049" /><testcase classname="backend.tests.test_saltcheck_backend.TestProjects" name="test_delete_project" time="0.107" /><testcase classname="backend.tests.test_saltcheck_backend.TestTasks" name="test_create_task" time="0.053" /><testcase classname="backend.tests.test_saltcheck_backend.TestTasks" name="test_list_tasks" time="0.055" /><testcase classname="backend.tests.test_saltcheck_backend.TestTasks" name="test_update_task" time="0.051" /><testcase classname="backend.tests.test_saltcheck_backend.TestTasks" name="test_delete_task" time="0.101" /><testcase classname="backend.tests.test_saltcheck_backend.TestMoneyEntries" name="test_create_money_entry" time="0.055" /><testcase classname="backend.tests.test_saltcheck_backend.TestMoneyEntries" name="test_list_money_entries" time="0.054" /><testcase classname="backend.tests.test_saltcheck_backend.TestMoneyEntries" name="test_update_money_entry" time="0.053" /><testcase classname="backend.tests.test_saltcheck_backend.TestBodyLogs" name="test_create_body_log" time="0.053" /><testcase classname="backend.tests.test_saltcheck_backend.TestBodyLogs" name="test_list_body_logs" time="0.063" /><testcase classname="backend.tests.test_saltcheck_backend.TestBodyLogs" name="test_update_body_log" time="0.053" /><testcase classname="backend.tests.test_saltcheck_backend.TestPersonNotes" name="test_create_note" time="0.076" /><testcase classname="backend.tests.test_saltcheck_backend.TestPersonNotes" name="test_list_notes" time="0.049" /><testcase classname="backend.tests.test_saltcheck_backend.TestPersonNotes" name="test_update_note" time="0.055" /><testcase classname="backend.tests.test_saltcheck_backend.TestPersonNotes" name="test_delete_note" time="0.047" /><testcase classname="backend.tests.test_saltcheck_backend.TestPepper" name="test_pepper_normal_checkin" time="3.146" /><testcase classname="backend.tests.test_saltcheck_backend.TestPepper" name="test_pepper_crisis_detection" time="0.056" /><testcase classname="backend.tests.test_saltcheck_backend.TestPepper" name="test_pepper_history" time="1.058" /></testsuite></testsuites>