<?xml version="1.0" encoding="utf-8"?><testsuites name="pytest tests"><testsuite name="pytest" errors="0" failures="0" skipped="0" tests="31" time="5.329" timestamp="2026-06-01T14:25:49.294011+00:00" hostname="agent-env-19eab094-a335-4aed-b338-e472b35571bf"><testcase classname="backend.tests.test_saltcheck_backend.TestHealth" name="test_root_via_api_prefix" time="0.223" /><testcase classname="backend.tests.test_saltcheck_backend.TestUsers" name="test_create_user" time="0.060" /><testcase classname="backend.tests.test_saltcheck_backend.TestUsers" name="test_create_duplicate_user_rejected" time="0.161" /><testcase classname="backend.tests.test_saltcheck_backend.TestUsers" name="test_get_user_by_id" time="0.051" /><testcase classname="backend.tests.test_saltcheck_backend.TestUsers" name="test_list_users" time="0.048" /><testcase classname="backend.tests.test_saltcheck_backend.TestDailyEntries" name="test_create_daily_entry" time="0.067" /><testcase classname="backend.tests.test_saltcheck_backend.TestDailyEntries" name="test_list_daily_entries" time="0.051" /><testcase classname="backend.tests.test_saltcheck_backend.TestDailyEntries" name="test_get_daily_entry_by_date" time="0.056" /><testcase classname="backend.tests.test_saltcheck_backend.TestDailyEntries" name="test_get_daily_entry_404" time="0.050" /><testcase classname="backend.tests.test_saltcheck_backend.TestDailyEntries" name="test_update_daily_entry" time="0.049" /><testcase classname="backend.tests.test_saltcheck_backend.TestProjects" name="test_create_project" time="0.054" /><testcase classname="backend.tests.test_saltcheck_backend.TestProjects" name="test_list_projects" time="0.051" /><testcase classname="backend.tests.test_saltcheck_backend.TestProjects" name="test_update_project" time="0.050" /><testcase classname="backend.tests.test_saltcheck_backend.TestProjects" name="test_delete_project" time="0.101" /><testcase classname="backend.tests.test_saltcheck_backend.TestTasks" name="test_create_task" time="0.052" /><testcase classname="backend.tests.test_saltcheck_backend.TestTasks" name="test_list_tasks" time="0.053" /><testcase classname="backend.tests.test_saltcheck_backend.TestTasks" name="test_update_task" time="0.051" /><testcase classname="backend.tests.test_saltcheck_backend.TestTasks" name="test_delete_task" time="0.110" /><testcase classname="backend.tests.test_saltcheck_backend.TestMoneyEntries" name="test_create_money_entry" time="0.050" /><testcase classname="backend.tests.test_saltcheck_backend.TestMoneyEntries" name="test_list_money_entries" time="0.051" /><testcase classname="backend.tests.test_saltcheck_backend.TestMoneyEntries" name="test_update_money_entry" time="0.051" /><testcase classname="backend.tests.test_saltcheck_backend.TestBodyLogs" name="test_create_body_log" time="0.048" /><testcase classname="backend.tests.test_saltcheck_backend.TestBodyLogs" name="test_list_body_logs" time="0.049" /><testcase classname="backend.tests.test_saltcheck_backend.TestBodyLogs" name="test_update_body_log" time="0.068" /><testcase classname="backend.tests.test_saltcheck_backend.TestPersonNotes" name="test_create_note" time="0.048" /><testcase classname="backend.tests.test_saltcheck_backend.TestPersonNotes" name="test_list_notes" time="0.052" /><testcase classname="backend.tests.test_saltcheck_backend.TestPersonNotes" name="test_update_note" time="0.055" /><testcase classname="backend.tests.test_saltcheck_backend.TestPersonNotes" name="test_delete_note" time="0.052" /><testcase classname="backend.tests.test_saltcheck_backend.TestPepper" name="test_pepper_normal_checkin" time="2.291" /><testcase classname="backend.tests.test_saltcheck_backend.TestPepper" name="test_pepper_crisis_detection" time="0.055" /><testcase classname="backend.tests.test_saltcheck_backend.TestPepper" name="test_pepper_history" time="1.055" /></testsuite></testsuites>