<?xml version="1.0" encoding="utf-8"?><testsuites name="pytest tests"><testsuite name="pytest" errors="0" failures="0" skipped="0" tests="9" time="13.587" timestamp="2026-06-01T18:01:37.979806+00:00" hostname="agent-env-19eab094-a335-4aed-b338-e472b35571bf"><testcase classname="backend.tests.test_priorities_done.TestDailyEntryPrioritiesDone" name="test_post_then_get_then_put_priorities_done" time="0.593" /><testcase classname="backend.tests.test_priorities_done.TestDailyEntryPrioritiesDone" name="test_post_default_priorities_done_empty" time="0.061" /><testcase classname="backend.tests.test_priorities_done.TestPepperCheckinPrioritiesDone" name="test_checkin_initializes_then_preserves_priorities_done" time="7.417" /><testcase classname="backend.tests.test_priorities_done.TestTasksLoops" name="test_task_full_crud" time="0.373" /><testcase classname="backend.tests.test_priorities_done.TestRegressionSanity" name="test_get_tasks" time="1.527" /><testcase classname="backend.tests.test_priorities_done.TestRegressionSanity" name="test_get_money_entries" time="0.051" /><testcase classname="backend.tests.test_priorities_done.TestRegressionSanity" name="test_get_body_logs" time="0.610" /><testcase classname="backend.tests.test_priorities_done.TestRegressionSanity" name="test_pepper_advise_person" time="1.213" /><testcase classname="backend.tests.test_priorities_done.TestRegressionSanity" name="test_pepper_advise_body" time="1.700" /></testsuite></testsuites>