<?xml version="1.0" encoding="utf-8"?><testsuites name="pytest tests"><testsuite name="pytest" errors="0" failures="0" skipped="0" tests="20" time="10.188" timestamp="2026-06-02T00:23:08.200510+00:00" hostname="agent-env-19eab094-a335-4aed-b338-e472b35571bf"><testcase classname="test_batch_d_category_and_vision.TestPersonNoteCategory" name="test_create_note_each_category[family]" time="0.298" /><testcase classname="test_batch_d_category_and_vision.TestPersonNoteCategory" name="test_create_note_each_category[romantic]" time="0.106" /><testcase classname="test_batch_d_category_and_vision.TestPersonNoteCategory" name="test_create_note_each_category[friendship]" time="0.108" /><testcase classname="test_batch_d_category_and_vision.TestPersonNoteCategory" name="test_create_note_each_category[professional]" time="0.138" /><testcase classname="test_batch_d_category_and_vision.TestPersonNoteCategory" name="test_create_note_each_category[blurry]" time="0.114" /><testcase classname="test_batch_d_category_and_vision.TestPersonNoteCategory" name="test_get_notes_returns_all_categories" time="0.105" /><testcase classname="test_batch_d_category_and_vision.TestPersonNoteCategory" name="test_put_update_changes_category" time="0.202" /><testcase classname="test_batch_d_category_and_vision.TestPersonNoteCategory" name="test_invalid_category_is_rejected_or_nulled" time="0.105" /><testcase classname="test_batch_d_category_and_vision.TestAdvisePersonCategory" name="test_blurry_category_response_shape" time="1.482" /><testcase classname="test_batch_d_category_and_vision.TestAdvisePersonCategory" name="test_professional_category_response_differs_and_tactical" time="1.188" /><testcase classname="test_batch_d_category_and_vision.TestAdvisePersonCategory" name="test_family_category_response" time="1.246" /><testcase classname="test_batch_d_category_and_vision.TestAnalyzeReceipt" name="test_happy_path_returns_structured_advice" time="1.792" /><testcase classname="test_batch_d_category_and_vision.TestAnalyzeReceipt" name="test_oversize_file_returns_413" time="0.500" /><testcase classname="test_batch_d_category_and_vision.TestAnalyzeReceipt" name="test_missing_file_returns_422" time="0.104" /><testcase classname="test_batch_d_category_and_vision.TestRegression" name="test_list_users" time="0.109" /><testcase classname="test_batch_d_category_and_vision.TestRegression" name="test_daily_entries_get" time="0.115" /><testcase classname="test_batch_d_category_and_vision.TestRegression" name="test_tasks_get" time="0.103" /><testcase classname="test_batch_d_category_and_vision.TestRegression" name="test_money_entries_get" time="0.099" /><testcase classname="test_batch_d_category_and_vision.TestRegression" name="test_body_logs_get" time="0.129" /><testcase classname="test_batch_d_category_and_vision.TestRegression" name="test_pepper_advise_body" time="2.090" /></testsuite></testsuites>