<?xml version="1.0" encoding="utf-8"?><testsuites name="pytest tests"><testsuite name="pytest" errors="0" failures="0" skipped="0" tests="9" time="9.249" timestamp="2026-06-02T03:22:21.348529+00:00" hostname="agent-env-19eab094-a335-4aed-b338-e472b35571bf"><testcase classname="backend.tests.test_pepper_clarity_flow.TestThinContextClarity" name="test_thin_context_returns_needs_clarity" time="1.903" /><testcase classname="backend.tests.test_pepper_clarity_flow.TestClarificationFlow" name="test_clarification_unlocks_real_advice" time="1.615" /><testcase classname="backend.tests.test_pepper_clarity_flow.TestRichContextSkipsClarity" name="test_rich_context_gives_real_move" time="1.842" /><testcase classname="backend.tests.test_pepper_clarity_flow.TestAdviceHistoryAppend" name="test_history_grows_across_three_calls" time="3.550" /><testcase classname="backend.tests.test_pepper_clarity_flow.TestRegressionSmoke" name="test_get_person_notes_works" time="0.060" /><testcase classname="backend.tests.test_pepper_clarity_flow.TestRegressionSmoke" name="test_get_tasks_works" time="0.073" /><testcase classname="backend.tests.test_pepper_clarity_flow.TestRegressionSmoke" name="test_get_medications_works" time="0.054" /><testcase classname="backend.tests.test_pepper_clarity_flow.TestRegressionSmoke" name="test_get_money_entries_works" time="0.053" /><testcase classname="backend.tests.test_pepper_clarity_flow.TestRegressionSmoke" name="test_get_daily_entries_works" time="0.055" /></testsuite></testsuites>