<?xml version="1.0" encoding="utf-8"?><testsuites name="pytest tests"><testsuite name="pytest" errors="0" failures="1" skipped="0" tests="44" time="23.646" timestamp="2026-06-01T15:29:57.529145+00:00" hostname="agent-env-19eab094-a335-4aed-b338-e472b35571bf"><testcase classname="test_new_features.TestPepperSpiceAndNickname" name="test_default_spice_medium" time="3.030" /><testcase classname="test_new_features.TestPepperSpiceAndNickname" name="test_mild_spice" time="2.526" /><testcase classname="test_new_features.TestPepperSpiceAndNickname" name="test_extra_spicy" time="2.704" /><testcase classname="test_new_features.TestPepperSpiceAndNickname" name="test_nickname_appears" time="2.387" /><testcase classname="test_new_features.TestPepperSpiceAndNickname" name="test_crisis_overrides_spice" time="0.067" /><testcase classname="test_new_features.TestPepperDailySync" name="test_checkin_creates_daily_entry" time="2.332" /><testcase classname="test_new_features.TestPepperDailySync" name="test_second_checkin_updates_same_entry_and_preserves_checkboxes" time="3.571" /><testcase classname="test_new_features.TestTranscribe" name="test_transcribe_returns_json" time="0.653" /><testcase classname="test_new_features.TestTranscribe" name="test_transcribe_missing_file_returns_422" time="0.155" /><testcase classname="test_new_features.TestRegisterPush" name="test_register_push_does_not_crash" time="0.094"><failure message="AssertionError: {'detail': 'EMERGENT_PUSH_KEY missing or invalid'}&#10;assert 'status' in {'detail': 'EMERGENT_PUSH_KEY missing or invalid'}">test_new_features.py:294: in test_register_push_does_not_crash
    assert "status" in body, body
E   AssertionError: {'detail': 'EMERGENT_PUSH_KEY missing or invalid'}
E   assert 'status' in {'detail': 'EMERGENT_PUSH_KEY missing or invalid'}</failure></testcase><testcase classname="test_new_features.TestRegisterPush" name="test_register_push_validates_body" time="0.072" /><testcase classname="test_new_features.TestSendTestPush" name="test_send_test_push_does_not_crash" time="0.070" /><testcase classname="test_new_features.TestSendTestPush" name="test_send_test_push_defaults" time="0.074" /><testcase classname="test_saltcheck_backend.TestHealth" name="test_root_via_api_prefix" time="0.056" /><testcase classname="test_saltcheck_backend.TestUsers" name="test_create_user" time="0.065" /><testcase classname="test_saltcheck_backend.TestUsers" name="test_create_duplicate_user_rejected" time="0.057" /><testcase classname="test_saltcheck_backend.TestUsers" name="test_get_user_by_id" time="0.059" /><testcase classname="test_saltcheck_backend.TestUsers" name="test_list_users" time="0.058" /><testcase classname="test_saltcheck_backend.TestDailyEntries" name="test_create_daily_entry" time="0.068" /><testcase classname="test_saltcheck_backend.TestDailyEntries" name="test_list_daily_entries" time="0.063" /><testcase classname="test_saltcheck_backend.TestDailyEntries" name="test_get_daily_entry_by_date" time="0.077" /><testcase classname="test_saltcheck_backend.TestDailyEntries" name="test_get_daily_entry_404" time="0.059" /><testcase classname="test_saltcheck_backend.TestDailyEntries" name="test_update_daily_entry" time="0.059" /><testcase classname="test_saltcheck_backend.TestProjects" name="test_create_project" time="0.063" /><testcase classname="test_saltcheck_backend.TestProjects" name="test_list_projects" time="0.062" /><testcase classname="test_saltcheck_backend.TestProjects" name="test_update_project" time="0.064" /><testcase classname="test_saltcheck_backend.TestProjects" name="test_delete_project" time="0.119" /><testcase classname="test_saltcheck_backend.TestTasks" name="test_create_task" time="0.079" /><testcase classname="test_saltcheck_backend.TestTasks" name="test_list_tasks" time="0.066" /><testcase classname="test_saltcheck_backend.TestTasks" name="test_update_task" time="0.069" /><testcase classname="test_saltcheck_backend.TestTasks" name="test_delete_task" time="0.125" /><testcase classname="test_saltcheck_backend.TestMoneyEntries" name="test_create_money_entry" time="0.059" /><testcase classname="test_saltcheck_backend.TestMoneyEntries" name="test_list_money_entries" time="0.062" /><testcase classname="test_saltcheck_backend.TestMoneyEntries" name="test_update_money_entry" time="0.062" /><testcase classname="test_saltcheck_backend.TestBodyLogs" name="test_create_body_log" time="0.062" /><testcase classname="test_saltcheck_backend.TestBodyLogs" name="test_list_body_logs" time="0.061" /><testcase classname="test_saltcheck_backend.TestBodyLogs" name="test_update_body_log" time="0.059" /><testcase classname="test_saltcheck_backend.TestPersonNotes" name="test_create_note" time="0.061" /><testcase classname="test_saltcheck_backend.TestPersonNotes" name="test_list_notes" time="0.059" /><testcase classname="test_saltcheck_backend.TestPersonNotes" name="test_update_note" time="0.061" /><testcase classname="test_saltcheck_backend.TestPersonNotes" name="test_delete_note" time="0.096" /><testcase classname="test_saltcheck_backend.TestPepper" name="test_pepper_normal_checkin" time="2.796" /><testcase classname="test_saltcheck_backend.TestPepper" name="test_pepper_crisis_detection" time="0.062" /><testcase classname="test_saltcheck_backend.TestPepper" name="test_pepper_history" time="1.063" /></testsuite></testsuites>