<?xml version="1.0" encoding="utf-8"?><testsuites name="pytest tests"><testsuite name="pytest" errors="0" failures="1" skipped="0" tests="115" time="88.015" timestamp="2026-06-02T02:25:31.551800+00:00" hostname="agent-env-19eab094-a335-4aed-b338-e472b35571bf"><testcase classname="backend.tests.test_batch_d_category_and_vision.TestPersonNoteCategory" name="test_create_note_each_category[family]" time="0.226" /><testcase classname="backend.tests.test_batch_d_category_and_vision.TestPersonNoteCategory" name="test_create_note_each_category[romantic]" time="0.104" /><testcase classname="backend.tests.test_batch_d_category_and_vision.TestPersonNoteCategory" name="test_create_note_each_category[friendship]" time="0.108" /><testcase classname="backend.tests.test_batch_d_category_and_vision.TestPersonNoteCategory" name="test_create_note_each_category[professional]" time="0.104" /><testcase classname="backend.tests.test_batch_d_category_and_vision.TestPersonNoteCategory" name="test_create_note_each_category[blurry]" time="0.126" /><testcase classname="backend.tests.test_batch_d_category_and_vision.TestPersonNoteCategory" name="test_get_notes_returns_all_categories" time="0.109" /><testcase classname="backend.tests.test_batch_d_category_and_vision.TestPersonNoteCategory" name="test_put_update_changes_category" time="0.251" /><testcase classname="backend.tests.test_batch_d_category_and_vision.TestPersonNoteCategory" name="test_invalid_category_is_rejected_or_nulled" time="0.117" /><testcase classname="backend.tests.test_batch_d_category_and_vision.TestAdvisePersonCategory" name="test_blurry_category_response_shape" time="1.656" /><testcase classname="backend.tests.test_batch_d_category_and_vision.TestAdvisePersonCategory" name="test_professional_category_response_differs_and_tactical" time="1.330" /><testcase classname="backend.tests.test_batch_d_category_and_vision.TestAdvisePersonCategory" name="test_family_category_response" time="4.620" /><testcase classname="backend.tests.test_batch_d_category_and_vision.TestAnalyzeReceipt" name="test_happy_path_returns_structured_advice" time="1.429" /><testcase classname="backend.tests.test_batch_d_category_and_vision.TestAnalyzeReceipt" name="test_oversize_file_returns_413" time="0.733" /><testcase classname="backend.tests.test_batch_d_category_and_vision.TestAnalyzeReceipt" name="test_missing_file_returns_422" time="0.114" /><testcase classname="backend.tests.test_batch_d_category_and_vision.TestRegression" name="test_list_users" time="0.133" /><testcase classname="backend.tests.test_batch_d_category_and_vision.TestRegression" name="test_daily_entries_get" time="0.099" /><testcase classname="backend.tests.test_batch_d_category_and_vision.TestRegression" name="test_tasks_get" time="0.107" /><testcase classname="backend.tests.test_batch_d_category_and_vision.TestRegression" name="test_money_entries_get" time="0.109" /><testcase classname="backend.tests.test_batch_d_category_and_vision.TestRegression" name="test_body_logs_get" time="0.105" /><testcase classname="backend.tests.test_batch_d_category_and_vision.TestRegression" name="test_pepper_advise_body" time="1.719" /><testcase classname="backend.tests.test_bills_income.TestMoneyEntryBillsIncomeRoundTrip" name="test_post_with_bills_and_income" time="0.128" /><testcase classname="backend.tests.test_bills_income.TestMoneyEntryBillsIncomeRoundTrip" name="test_put_update_bills_mark_paid_and_add_third" time="0.053" /><testcase classname="backend.tests.test_bills_income.TestMoneyEntryBillsIncomeRoundTrip" name="test_get_money_entries_returns_bills_income" time="0.053" /><testcase classname="backend.tests.test_bills_income.TestPepperCheckinMergesBillsIncome" name="test_seed_initial_money_entry" time="0.052" /><testcase classname="backend.tests.test_bills_income.TestPepperCheckinMergesBillsIncome" name="test_pepper_checkin_merges_into_latest" time="3.277" /><testcase classname="backend.tests.test_bills_income.TestPepperCheckinNoMoneyMention" name="test_seed_initial_entry" time="0.053" /><testcase classname="backend.tests.test_bills_income.TestPepperCheckinNoMoneyMention" name="test_pepper_checkin_no_money_does_not_touch_entry" time="2.846" /><testcase classname="backend.tests.test_bills_income.TestSanityRegression" name="test_tasks_crud" time="0.222" /><testcase classname="backend.tests.test_bills_income.TestSanityRegression" name="test_daily_entry_priorities_done" time="0.172" /><testcase classname="backend.tests.test_bills_income.TestSanityRegression" name="test_body_logs_create_get" time="0.102" /><testcase classname="backend.tests.test_bills_income.TestSanityRegression" name="test_person_notes_create_get" time="0.104" /><testcase classname="backend.tests.test_bills_income.TestSanityRegression" name="test_pepper_advise_person" time="1.185" /><testcase classname="backend.tests.test_bills_income.TestSanityRegression" name="test_pepper_advise_body" time="1.293" /><testcase classname="backend.tests.test_money_entry_extended.TestMoneyEntryExtended" name="test_create_with_all_new_fields" time="0.050" /><testcase classname="backend.tests.test_money_entry_extended.TestMoneyEntryExtended" name="test_get_returns_new_fields" time="0.060" /><testcase classname="backend.tests.test_money_entry_extended.TestMoneyEntryExtended" name="test_update_preserves_and_replaces_new_fields" time="0.061" /><testcase classname="backend.tests.test_money_entry_extended.TestMoneyEntryExtended" name="test_legacy_payload_without_new_fields" time="0.047" /><testcase classname="backend.tests.test_money_entry_extended.TestMoneyEntryExtended" name="test_doom_spends_regret_range_values" time="0.049" /><testcase classname="backend.tests.test_money_entry_extended.TestMoneyEntryExtended" name="test_empty_lists_round_trip" time="0.048" /><testcase classname="backend.tests.test_new_features.TestPepperSpiceAndNickname" name="test_default_spice_medium" time="2.937" /><testcase classname="backend.tests.test_new_features.TestPepperSpiceAndNickname" name="test_mild_spice" time="2.914" /><testcase classname="backend.tests.test_new_features.TestPepperSpiceAndNickname" name="test_extra_spicy" time="2.975" /><testcase classname="backend.tests.test_new_features.TestPepperSpiceAndNickname" name="test_nickname_appears" time="2.896" /><testcase classname="backend.tests.test_new_features.TestPepperSpiceAndNickname" name="test_crisis_overrides_spice" time="0.053" /><testcase classname="backend.tests.test_new_features.TestPepperDailySync" name="test_checkin_creates_daily_entry" time="4.366" /><testcase classname="backend.tests.test_new_features.TestPepperDailySync" name="test_second_checkin_updates_same_entry_and_preserves_checkboxes" time="3.813" /><testcase classname="backend.tests.test_new_features.TestTranscribe" name="test_transcribe_returns_json" time="1.108" /><testcase classname="backend.tests.test_new_features.TestTranscribe" name="test_transcribe_missing_file_returns_422" time="0.108" /><testcase classname="backend.tests.test_new_features.TestRegisterPush" name="test_register_push_does_not_crash" time="0.070" /><testcase classname="backend.tests.test_new_features.TestRegisterPush" name="test_register_push_validates_body" time="0.050" /><testcase classname="backend.tests.test_new_features.TestSendTestPush" name="test_send_test_push_does_not_crash" time="0.062" /><testcase classname="backend.tests.test_new_features.TestSendTestPush" name="test_send_test_push_defaults" time="0.062" /><testcase classname="backend.tests.test_pepper_advice_and_body.TestAdvisePerson" name="test_minimum_payload_only_name" time="0.919" /><testcase classname="backend.tests.test_pepper_advice_and_body.TestAdvisePerson" name="test_full_payload_medium" time="1.476" /><testcase classname="backend.tests.test_pepper_advice_and_body.TestAdvisePerson" name="test_extra_spicy_tone" time="1.132" /><testcase classname="backend.tests.test_pepper_advice_and_body.TestAdvisePerson" name="test_mild_tone" time="1.067" /><testcase classname="backend.tests.test_pepper_advice_and_body.TestAdvisePerson" name="test_missing_person_name_422" time="0.052" /><testcase classname="backend.tests.test_pepper_advice_and_body.TestAdviseBody" name="test_empty_body_returns_helpful_placeholder" time="0.059" /><testcase classname="backend.tests.test_pepper_advice_and_body.TestAdviseBody" name="test_multi_field_reasoning" time="1.393" /><testcase classname="backend.tests.test_pepper_advice_and_body.TestAdviseBody" name="test_health_tone_gentler_with_extra_spicy" time="1.574" /><testcase classname="backend.tests.test_pepper_advice_and_body.TestBodyLogExtension" name="test_create_with_extended_fields" time="0.051" /><testcase classname="backend.tests.test_pepper_advice_and_body.TestBodyLogExtension" name="test_list_includes_extended_fields" time="0.054" /><testcase classname="backend.tests.test_pepper_advice_and_body.TestBodyLogExtension" name="test_update_extended_fields" time="0.053" /><testcase classname="backend.tests.test_pepper_advice_and_body.TestBodyLogExtension" name="test_backwards_compat_no_extended_fields" time="0.067" /><testcase classname="backend.tests.test_pepper_advice_and_body.TestRegression" name="test_register_push_graceful" time="0.094" /><testcase classname="backend.tests.test_pepper_intel_upgrade.TestPrioritiesTaskIds" name="test_post_get_put_priorities_task_ids" time="0.202" /><testcase classname="backend.tests.test_pepper_intel_upgrade.TestPrioritiesTaskIds" name="test_default_empty_list" time="0.565" /><testcase classname="backend.tests.test_pepper_intel_upgrade.TestPepperAutoLinkAndClassify" name="test_checkin_creates_tasks_links_and_classifies_bills" time="3.745" /><testcase classname="backend.tests.test_pepper_intel_upgrade.TestPepperClarity" name="test_vague_dump_triggers_clarity_no_tasks" time="2.089" /><testcase classname="backend.tests.test_pepper_intel_upgrade.TestReceiptsAdviceHistory" name="test_advice_history_appends_and_caches" time="4.305" /><testcase classname="backend.tests.test_pepper_intel_upgrade.TestRegression" name="test_task_crud" time="0.211" /><testcase classname="backend.tests.test_pepper_intel_upgrade.TestRegression" name="test_daily_entry_crud" time="0.424" /><testcase classname="backend.tests.test_pepper_intel_upgrade.TestRegression" name="test_money_entry_crud" time="0.248" /><testcase classname="backend.tests.test_pepper_intel_upgrade.TestRegression" name="test_person_note_crud" time="0.510" /><testcase classname="backend.tests.test_pepper_intel_upgrade.TestRegression" name="test_analyze_receipt_vision" time="1.611" /><testcase classname="backend.tests.test_priorities_done.TestDailyEntryPrioritiesDone" name="test_post_then_get_then_put_priorities_done" time="0.104"><failure message="AssertionError: assert [True, True, False] == [True, False, False]&#10;  &#10;  At index 1 diff: True != False&#10;  &#10;  Full diff:&#10;    [&#10;        True,&#10;  -     False,...&#10;  &#10;  ...Full output truncated (3 lines hidden), use '-vv' to show">backend/tests/test_priorities_done.py:67: in test_post_then_get_then_put_priorities_done
    assert body["priorities_done"] == [True, False, False]
E   AssertionError: assert [True, True, False] == [True, False, False]
E     
E     At index 1 diff: True != False
E     
E     Full diff:
E       [
E           True,
E     -     False,...
E     
E     ...Full output truncated (3 lines hidden), use '-vv' to show</failure></testcase><testcase classname="backend.tests.test_priorities_done.TestDailyEntryPrioritiesDone" name="test_post_default_priorities_done_empty" time="0.049" /><testcase classname="backend.tests.test_priorities_done.TestPepperCheckinPrioritiesDone" name="test_checkin_initializes_then_preserves_priorities_done" time="9.783" /><testcase classname="backend.tests.test_priorities_done.TestTasksLoops" name="test_task_full_crud" time="0.309" /><testcase classname="backend.tests.test_priorities_done.TestRegressionSanity" name="test_get_tasks" time="0.055" /><testcase classname="backend.tests.test_priorities_done.TestRegressionSanity" name="test_get_money_entries" time="0.053" /><testcase classname="backend.tests.test_priorities_done.TestRegressionSanity" name="test_get_body_logs" time="0.054" /><testcase classname="backend.tests.test_priorities_done.TestRegressionSanity" name="test_pepper_advise_person" time="2.586" /><testcase classname="backend.tests.test_priorities_done.TestRegressionSanity" name="test_pepper_advise_body" time="1.067" /><testcase classname="backend.tests.test_saltcheck_backend.TestHealth" name="test_root_via_api_prefix" time="0.052" /><testcase classname="backend.tests.test_saltcheck_backend.TestUsers" name="test_create_user" time="0.109" /><testcase classname="backend.tests.test_saltcheck_backend.TestUsers" name="test_create_duplicate_user_rejected" time="0.053" /><testcase classname="backend.tests.test_saltcheck_backend.TestUsers" name="test_get_user_by_id" time="0.055" /><testcase classname="backend.tests.test_saltcheck_backend.TestUsers" name="test_list_users" time="0.050" /><testcase classname="backend.tests.test_saltcheck_backend.TestDailyEntries" name="test_create_daily_entry" time="0.051" /><testcase classname="backend.tests.test_saltcheck_backend.TestDailyEntries" name="test_list_daily_entries" time="0.052" /><testcase classname="backend.tests.test_saltcheck_backend.TestDailyEntries" name="test_get_daily_entry_by_date" time="0.056" /><testcase classname="backend.tests.test_saltcheck_backend.TestDailyEntries" name="test_get_daily_entry_404" time="0.054" /><testcase classname="backend.tests.test_saltcheck_backend.TestDailyEntries" name="test_update_daily_entry" time="0.052" /><testcase classname="backend.tests.test_saltcheck_backend.TestProjects" name="test_create_project" time="0.069" /><testcase classname="backend.tests.test_saltcheck_backend.TestProjects" name="test_list_projects" time="0.051" /><testcase classname="backend.tests.test_saltcheck_backend.TestProjects" name="test_update_project" time="0.056" /><testcase classname="backend.tests.test_saltcheck_backend.TestProjects" name="test_delete_project" time="0.100" /><testcase classname="backend.tests.test_saltcheck_backend.TestTasks" name="test_create_task" time="0.050" /><testcase classname="backend.tests.test_saltcheck_backend.TestTasks" name="test_list_tasks" time="0.054" /><testcase classname="backend.tests.test_saltcheck_backend.TestTasks" name="test_update_task" time="0.050" /><testcase classname="backend.tests.test_saltcheck_backend.TestTasks" name="test_delete_task" time="0.103" /><testcase classname="backend.tests.test_saltcheck_backend.TestMoneyEntries" name="test_create_money_entry" time="0.051" /><testcase classname="backend.tests.test_saltcheck_backend.TestMoneyEntries" name="test_list_money_entries" time="0.048" /><testcase classname="backend.tests.test_saltcheck_backend.TestMoneyEntries" name="test_update_money_entry" time="0.051" /><testcase classname="backend.tests.test_saltcheck_backend.TestBodyLogs" name="test_create_body_log" time="0.052" /><testcase classname="backend.tests.test_saltcheck_backend.TestBodyLogs" name="test_list_body_logs" time="0.049" /><testcase classname="backend.tests.test_saltcheck_backend.TestBodyLogs" name="test_update_body_log" time="0.050" /><testcase classname="backend.tests.test_saltcheck_backend.TestPersonNotes" name="test_create_note" time="0.050" /><testcase classname="backend.tests.test_saltcheck_backend.TestPersonNotes" name="test_list_notes" time="0.049" /><testcase classname="backend.tests.test_saltcheck_backend.TestPersonNotes" name="test_update_note" time="0.050" /><testcase classname="backend.tests.test_saltcheck_backend.TestPersonNotes" name="test_delete_note" time="0.051" /><testcase classname="backend.tests.test_saltcheck_backend.TestPepper" name="test_pepper_normal_checkin" time="4.517" /><testcase classname="backend.tests.test_saltcheck_backend.TestPepper" name="test_pepper_crisis_detection" time="0.058" /><testcase classname="backend.tests.test_saltcheck_backend.TestPepper" name="test_pepper_history" time="1.055" /></testsuite></testsuites>